#
# There is insufficient memory for the Java Runtime Environment to continue.
# Native memory allocation (malloc) failed to allocate 1157216 bytes for Chunk::new
# Possible reasons:
#   The system is out of physical RAM or swap space
#   The process is running with CompressedOops enabled, and the Java Heap may be blocking the growth of the native heap
# Possible solutions:
#   Reduce memory load on the system
#   Increase physical memory or swap space
#   Check if swap backing store is full
#   Decrease Java heap size (-Xmx/-Xms)
#   Decrease number of Java threads
#   Decrease Java thread stack sizes (-Xss)
#   Set larger code cache with -XX:ReservedCodeCacheSize=
#   JVM is running with Unscaled Compressed Oops mode in which the Java heap is
#     placed in the first 4GB address space. The Java Heap base address is the
#     maximum limit for the native heap growth. Please use -XX:HeapBaseMinAddress
#     to set the Java Heap base and to place the Java Heap above 4GB virtual address.
# This output file may be truncated or incomplete.
#
#  Out of Memory Error (allocation.cpp:389), pid=18140, tid=0x0000000000005294
#
# JRE version: OpenJDK Runtime Environment (8.0_242-b01) (build 1.8.0_242-release-1644-b01)
# Java VM: OpenJDK 64-Bit Server VM (25.242-b01 mixed mode windows-amd64 compressed oops)
# Failed to write core dump. Minidumps are not enabled by default on client versions of Windows
#

---------------  T H R E A D  ---------------

Current thread (0x000000001a62c000):  JavaThread "C2 CompilerThread0" daemon [_thread_in_native, id=21140, stack(0x000000001ada0000,0x000000001aea0000)]

Stack: [0x000000001ada0000,0x000000001aea0000]
[error occurred during error reporting (printing stack bounds), id 0xc0000005]

Native frames: (J=compiled Java code, j=interpreted, Vv=VM code, C=native code)


Current CompileTask:
C2:2256173 19557       4       org.gradle.api.internal.artifacts.ivyservice.modulecache.ModuleMetadataSerializer$Reader::readMavenDependency (142 bytes)


---------------  P R O C E S S  ---------------

Java Threads: ( => current thread )
  0x000000001da4d000 JavaThread "Cache worker for Build Output Cleanup Cache (D:\Class\.gradle\buildOutputCleanup)" [_thread_blocked, id=11420, stack(0x000000002c550000,0x000000002c650000)]
  0x000000001da4c000 JavaThread "jar transforms Thread 644" [_thread_blocked, id=18828, stack(0x000000002b200000,0x000000002b300000)]
  0x000000001da52000 JavaThread "jar transforms Thread 643" [_thread_blocked, id=22420, stack(0x000000002ad00000,0x000000002ae00000)]
  0x000000001da51800 JavaThread "jar transforms Thread 642" [_thread_blocked, id=19724, stack(0x000000002ac00000,0x000000002ad00000)]
  0x000000001da50800 JavaThread "jar transforms Thread 641" [_thread_blocked, id=4756, stack(0x000000002ab00000,0x000000002ac00000)]
  0x000000001da50000 JavaThread "jar transforms Thread 640" [_thread_blocked, id=16004, stack(0x000000002aa00000,0x000000002ab00000)]
  0x000000001da44800 JavaThread "jar transforms Thread 639" [_thread_blocked, id=7728, stack(0x000000002a900000,0x000000002aa00000)]
  0x000000001da47800 JavaThread "jar transforms Thread 638" [_thread_blocked, id=11808, stack(0x000000002a800000,0x000000002a900000)]
  0x000000001da4b800 JavaThread "jar transforms Thread 637" [_thread_blocked, id=11372, stack(0x000000002a700000,0x000000002a800000)]
  0x000000001da4a800 JavaThread "jar transforms Thread 636" [_thread_blocked, id=15716, stack(0x000000002a600000,0x000000002a700000)]
  0x000000001da48800 JavaThread "jar transforms Thread 635" [_thread_blocked, id=10640, stack(0x000000002a500000,0x000000002a600000)]
  0x000000001da43000 JavaThread "jar transforms Thread 634" [_thread_blocked, id=14612, stack(0x000000002a400000,0x000000002a500000)]
  0x000000001da4a000 JavaThread "jar transforms Thread 633" [_thread_blocked, id=3640, stack(0x000000002a300000,0x000000002a400000)]
  0x000000001da44000 JavaThread "jar transforms Thread 632" [_thread_blocked, id=7268, stack(0x000000002a200000,0x000000002a300000)]
  0x000000001da47000 JavaThread "jar transforms Thread 631" [_thread_blocked, id=16028, stack(0x000000002a000000,0x000000002a100000)]
  0x000000001da45800 JavaThread "jar transforms Thread 630" [_thread_blocked, id=2972, stack(0x0000000029f00000,0x000000002a000000)]
  0x000000001da49000 JavaThread "jar transforms Thread 629" [_thread_blocked, id=17200, stack(0x0000000029e00000,0x0000000029f00000)]
  0x0000000022357800 JavaThread "jar transforms Thread 628" [_thread_blocked, id=18176, stack(0x0000000029d00000,0x0000000029e00000)]
  0x0000000022356800 JavaThread "jar transforms Thread 627" [_thread_blocked, id=10228, stack(0x0000000029c00000,0x0000000029d00000)]
  0x0000000022355000 JavaThread "jar transforms Thread 626" [_thread_blocked, id=5724, stack(0x0000000029b00000,0x0000000029c00000)]
  0x0000000022358000 JavaThread "jar transforms Thread 625" [_thread_blocked, id=20300, stack(0x0000000029a00000,0x0000000029b00000)]
  0x0000000022356000 JavaThread "jar transforms Thread 624" [_thread_blocked, id=16196, stack(0x0000000029900000,0x0000000029a00000)]
  0x0000000022354800 JavaThread "jar transforms Thread 623" [_thread_blocked, id=20124, stack(0x0000000029800000,0x0000000029900000)]
  0x0000000022353000 JavaThread "jar transforms Thread 622" [_thread_blocked, id=632, stack(0x0000000029700000,0x0000000029800000)]
  0x0000000022353800 JavaThread "jar transforms Thread 621" [_thread_blocked, id=20920, stack(0x0000000029600000,0x0000000029700000)]
  0x000000002234b000 JavaThread "jar transforms Thread 620" [_thread_blocked, id=11084, stack(0x0000000029500000,0x0000000029600000)]
  0x0000000022352000 JavaThread "jar transforms Thread 619" [_thread_blocked, id=12416, stack(0x0000000029400000,0x0000000029500000)]
  0x0000000022351800 JavaThread "jar transforms Thread 618" [_thread_blocked, id=1064, stack(0x0000000029300000,0x0000000029400000)]
  0x000000002234a800 JavaThread "jar transforms Thread 617" [_thread_blocked, id=15768, stack(0x0000000029200000,0x0000000029300000)]
  0x0000000022349800 JavaThread "jar transforms Thread 616" [_thread_blocked, id=2688, stack(0x0000000029100000,0x0000000029200000)]
  0x0000000022350800 JavaThread "jar transforms Thread 615" [_thread_blocked, id=5208, stack(0x0000000029000000,0x0000000029100000)]
  0x0000000022350000 JavaThread "jar transforms Thread 614" [_thread_blocked, id=22664, stack(0x0000000028f00000,0x0000000029000000)]
  0x000000002234f000 JavaThread "jar transforms Thread 613" [_thread_blocked, id=8824, stack(0x0000000028e00000,0x0000000028f00000)]
  0x000000002234e800 JavaThread "jar transforms Thread 612" [_thread_blocked, id=6952, stack(0x0000000028d00000,0x0000000028e00000)]
  0x000000002234d000 JavaThread "jar transforms Thread 611" [_thread_blocked, id=23036, stack(0x0000000028c00000,0x0000000028d00000)]
  0x000000002234d800 JavaThread "jar transforms Thread 610" [_thread_blocked, id=15592, stack(0x0000000028b00000,0x0000000028c00000)]
  0x0000000020212000 JavaThread "jar transforms Thread 609" [_thread_blocked, id=20884, stack(0x0000000028a00000,0x0000000028b00000)]
  0x0000000020213800 JavaThread "jar transforms Thread 608" [_thread_blocked, id=15752, stack(0x0000000028900000,0x0000000028a00000)]
  0x0000000020211800 JavaThread "jar transforms Thread 607" [_thread_blocked, id=15416, stack(0x0000000028800000,0x0000000028900000)]
  0x0000000020210800 JavaThread "jar transforms Thread 606" [_thread_blocked, id=2576, stack(0x0000000028700000,0x0000000028800000)]
  0x0000000020210000 JavaThread "jar transforms Thread 605" [_thread_blocked, id=19684, stack(0x0000000028600000,0x0000000028700000)]
  0x000000002020f000 JavaThread "jar transforms Thread 604" [_thread_blocked, id=22424, stack(0x0000000028500000,0x0000000028600000)]
  0x000000002020e800 JavaThread "jar transforms Thread 603" [_thread_blocked, id=21700, stack(0x0000000028400000,0x0000000028500000)]
  0x0000000020213000 JavaThread "jar transforms Thread 602" [_thread_blocked, id=14724, stack(0x0000000028300000,0x0000000028400000)]
  0x0000000020206000 JavaThread "jar transforms Thread 601" [_thread_blocked, id=8620, stack(0x0000000028200000,0x0000000028300000)]
  0x0000000020205800 JavaThread "jar transforms Thread 600" [_thread_blocked, id=22708, stack(0x0000000028100000,0x0000000028200000)]
  0x000000002020c000 JavaThread "jar transforms Thread 599" [_thread_blocked, id=10468, stack(0x0000000028000000,0x0000000028100000)]
  0x0000000020209000 JavaThread "jar transforms Thread 598" [_thread_blocked, id=9372, stack(0x0000000027f00000,0x0000000028000000)]
  0x0000000020207800 JavaThread "jar transforms Thread 597" [_thread_blocked, id=21360, stack(0x0000000027e00000,0x0000000027f00000)]
  0x000000002020b800 JavaThread "jar transforms Thread 596" [_thread_blocked, id=19868, stack(0x0000000027d00000,0x0000000027e00000)]
  0x0000000020204800 JavaThread "jar transforms Thread 595" [_thread_blocked, id=20524, stack(0x0000000027c00000,0x0000000027d00000)]
  0x0000000020207000 JavaThread "jar transforms Thread 594" [_thread_blocked, id=11360, stack(0x0000000027b00000,0x0000000027c00000)]
  0x000000002020a000 JavaThread "jar transforms Thread 593" [_thread_blocked, id=6160, stack(0x0000000027a00000,0x0000000027b00000)]
  0x000000002020a800 JavaThread "jar transforms Thread 592" [_thread_blocked, id=13164, stack(0x0000000027900000,0x0000000027a00000)]
  0x0000000020208800 JavaThread "jar transforms Thread 591" [_thread_blocked, id=6072, stack(0x0000000027800000,0x0000000027900000)]
  0x000000001f7e7800 JavaThread "jar transforms Thread 590" [_thread_blocked, id=20644, stack(0x0000000027700000,0x0000000027800000)]
  0x000000001f7e6800 JavaThread "jar transforms Thread 589" [_thread_blocked, id=15168, stack(0x0000000027600000,0x0000000027700000)]
  0x000000001f7ea800 JavaThread "jar transforms Thread 588" [_thread_blocked, id=15000, stack(0x0000000027500000,0x0000000027600000)]
  0x000000001f7e5000 JavaThread "jar transforms Thread 587" [_thread_blocked, id=9436, stack(0x0000000027400000,0x0000000027500000)]
  0x000000001f7e9800 JavaThread "jar transforms Thread 586" [_thread_blocked, id=3548, stack(0x0000000027300000,0x0000000027400000)]
  0x000000001f7eb000 JavaThread "jar transforms Thread 585" [_thread_blocked, id=12264, stack(0x0000000027200000,0x0000000027300000)]
  0x000000001f7e6000 JavaThread "jar transforms Thread 584" [_thread_blocked, id=3364, stack(0x0000000027100000,0x0000000027200000)]
  0x000000001f7e4800 JavaThread "jar transforms Thread 583" [_thread_blocked, id=1656, stack(0x0000000027000000,0x0000000027100000)]
  0x000000001f7e3800 JavaThread "jar transforms Thread 582" [_thread_blocked, id=9528, stack(0x0000000026f00000,0x0000000027000000)]
  0x000000001f7e9000 JavaThread "jar transforms Thread 581" [_thread_blocked, id=22904, stack(0x0000000026e00000,0x0000000026f00000)]
  0x000000001f7dc000 JavaThread "jar transforms Thread 580" [_thread_blocked, id=7716, stack(0x0000000026d00000,0x0000000026e00000)]
  0x000000001f7e0000 JavaThread "jar transforms Thread 579" [_thread_blocked, id=19004, stack(0x0000000026c00000,0x0000000026d00000)]
  0x000000001f7e3000 JavaThread "jar transforms Thread 578" [_thread_blocked, id=16172, stack(0x0000000026b00000,0x0000000026c00000)]
  0x000000001f7e1800 JavaThread "jar transforms Thread 577" [_thread_blocked, id=9896, stack(0x0000000026a00000,0x0000000026b00000)]
  0x000000001f7df000 JavaThread "jar transforms Thread 576" [_thread_blocked, id=18844, stack(0x0000000026900000,0x0000000026a00000)]
  0x000000001f7e2000 JavaThread "jar transforms Thread 575" [_thread_blocked, id=6584, stack(0x0000000026800000,0x0000000026900000)]
  0x000000001f7de800 JavaThread "jar transforms Thread 574" [_thread_blocked, id=8152, stack(0x0000000026700000,0x0000000026800000)]
  0x000000001f7e0800 JavaThread "jar transforms Thread 573" [_thread_blocked, id=4864, stack(0x0000000026600000,0x0000000026700000)]
  0x000000001f7dd800 JavaThread "jar transforms Thread 572" [_thread_blocked, id=12940, stack(0x0000000026500000,0x0000000026600000)]
  0x000000001f7dd000 JavaThread "jar transforms Thread 571" [_thread_blocked, id=8308, stack(0x0000000026400000,0x0000000026500000)]
  0x00000000224e4800 JavaThread "jar transforms Thread 570" [_thread_blocked, id=18220, stack(0x0000000026300000,0x0000000026400000)]
  0x00000000224e3800 JavaThread "jar transforms Thread 569" [_thread_blocked, id=17424, stack(0x0000000026200000,0x0000000026300000)]
  0x00000000224e3000 JavaThread "jar transforms Thread 568" [_thread_blocked, id=20552, stack(0x0000000026100000,0x0000000026200000)]
  0x00000000224e1800 JavaThread "jar transforms Thread 567" [_thread_blocked, id=21280, stack(0x0000000026000000,0x0000000026100000)]
  0x00000000224e0800 JavaThread "jar transforms Thread 566" [_thread_blocked, id=16640, stack(0x0000000025f00000,0x0000000026000000)]
  0x00000000224e2000 JavaThread "jar transforms Thread 565" [_thread_blocked, id=23524, stack(0x0000000025e00000,0x0000000025f00000)]
  0x00000000224d9000 JavaThread "jar transforms Thread 564" [_thread_blocked, id=22992, stack(0x0000000025d00000,0x0000000025e00000)]
  0x00000000224e0000 JavaThread "jar transforms Thread 563" [_thread_blocked, id=17932, stack(0x0000000025c00000,0x0000000025d00000)]
  0x00000000224d8000 JavaThread "jar transforms Thread 562" [_thread_blocked, id=18368, stack(0x0000000025b00000,0x0000000025c00000)]
  0x00000000224df000 JavaThread "jar transforms Thread 561" [_thread_blocked, id=20176, stack(0x0000000025a00000,0x0000000025b00000)]
  0x00000000224d7800 JavaThread "jar transforms Thread 560" [_thread_blocked, id=22604, stack(0x0000000025900000,0x0000000025a00000)]
  0x00000000224de800 JavaThread "jar transforms Thread 559" [_thread_blocked, id=14516, stack(0x0000000025800000,0x0000000025900000)]
  0x00000000224dd800 JavaThread "jar transforms Thread 558" [_thread_blocked, id=1224, stack(0x0000000025700000,0x0000000025800000)]
  0x00000000224d6000 JavaThread "jar transforms Thread 557" [_thread_blocked, id=21596, stack(0x0000000025600000,0x0000000025700000)]
  0x00000000224da000 JavaThread "jar transforms Thread 556" [_thread_blocked, id=19740, stack(0x0000000025500000,0x0000000025600000)]
  0x00000000224dd000 JavaThread "jar transforms Thread 555" [_thread_blocked, id=6956, stack(0x0000000025400000,0x0000000025500000)]
  0x00000000224d6800 JavaThread "jar transforms Thread 554" [_thread_blocked, id=20060, stack(0x0000000025300000,0x0000000025400000)]
  0x00000000224dc000 JavaThread "jar transforms Thread 553" [_thread_blocked, id=19856, stack(0x0000000025200000,0x0000000025300000)]
  0x00000000224db800 JavaThread "Build operations Thread 8" [_thread_blocked, id=19884, stack(0x0000000025100000,0x0000000025200000)]
  0x00000000224da800 JavaThread "Build operations Thread 7" [_thread_blocked, id=14148, stack(0x0000000025000000,0x0000000025100000)]
  0x0000000020b85000 JavaThread "Build operations Thread 6" [_thread_blocked, id=4724, stack(0x0000000024f00000,0x0000000025000000)]
  0x0000000020b83800 JavaThread "Build operations Thread 5" [_thread_blocked, id=2856, stack(0x0000000024e00000,0x0000000024f00000)]
  0x0000000020b84000 JavaThread "Build operations Thread 4" [_thread_blocked, id=21168, stack(0x0000000024d00000,0x0000000024e00000)]
  0x0000000020b82000 JavaThread "Build operations Thread 3" [_thread_blocked, id=22100, stack(0x0000000024c00000,0x0000000024d00000)]
  0x0000000020b81000 JavaThread "Build operations Thread 2" [_thread_blocked, id=2896, stack(0x0000000022e10000,0x0000000022f10000)]
  0x0000000020b82800 JavaThread "Build operations" [_thread_blocked, id=9480, stack(0x0000000021b50000,0x0000000021c50000)]
  0x0000000020b79800 JavaThread "Cache worker for cache directory md-rule (C:\Users\Unique\.gradle\caches\6.5\md-rule)" [_thread_blocked, id=23212, stack(0x000000001f1f0000,0x000000001f2f0000)]
  0x0000000020b80800 JavaThread "Cache worker for cache directory md-supplier (C:\Users\Unique\.gradle\caches\6.5\md-supplier)" [_thread_blocked, id=15660, stack(0x000000001ebf0000,0x000000001ecf0000)]
  0x0000000020b7f800 JavaThread "Cache worker for checksums cache (D:\Class\.gradle\checksums)" [_thread_blocked, id=3504, stack(0x000000001eaf0000,0x000000001ebf0000)]
  0x0000000020b78000 JavaThread "Cache worker for file hash cache (D:\Class\.gradle\6.5\fileHashes)" [_thread_blocked, id=4792, stack(0x000000001e9f0000,0x000000001eaf0000)]
  0x0000000020b7d800 JavaThread "Thread-828" [_thread_blocked, id=4256, stack(0x000000001e8f0000,0x000000001e9f0000)]
  0x0000000020b7a000 JavaThread "Stdin handler" [_thread_blocked, id=20496, stack(0x000000001e4f0000,0x000000001e5f0000)]
  0x0000000020b7f000 JavaThread "Asynchronous log dispatcher for DefaultDaemonConnection: socket connection from /127.0.0.1:50273 to /127.0.0.1:53303" [_thread_blocked, id=18192, stack(0x000000001df40000,0x000000001e040000)]
  0x0000000020b7b000 JavaThread "Daemon worker Thread 7" [_thread_in_Java, id=5576, stack(0x000000001de40000,0x000000001df40000)]
  0x0000000020b7c800 JavaThread "Cancel handler" [_thread_blocked, id=5276, stack(0x00000000016f0000,0x00000000017f0000)]
  0x0000000020b78800 JavaThread "Handler for socket connection from /127.0.0.1:50273 to /127.0.0.1:53303" [_thread_in_native, id=6728, stack(0x00000000015f0000,0x00000000016f0000)]
  0x0000000020b7e000 JavaThread "Daemon Thread 7" [_thread_blocked, id=15036, stack(0x00000000014f0000,0x00000000015f0000)]
  0x0000000020b87000 JavaThread "Cache worker for Java compile cache (C:\Users\Unique\.gradle\caches\6.5\javaCompile)" [_thread_blocked, id=5248, stack(0x000000002d0a0000,0x000000002d1a0000)]
  0x000000001da4f000 JavaThread "Memory manager" [_thread_blocked, id=21844, stack(0x000000002c6a0000,0x000000002c7a0000)]
  0x000000001bb58000 JavaThread "Cache worker for file content cache (C:\Users\Unique\.gradle\caches\6.5\fileContent)" [_thread_blocked, id=21936, stack(0x0000000024500000,0x0000000024600000)]
  0x000000001bb55000 JavaThread "Cache worker for execution history cache (C:\Users\Unique\.gradle\caches\6.5\executionHistory)" [_thread_blocked, id=21924, stack(0x0000000022d10000,0x0000000022e10000)]
  0x000000001bb52800 JavaThread "Cache worker for file hash cache (C:\Users\Unique\.gradle\caches\6.5\fileHashes)" [_thread_blocked, id=21716, stack(0x000000001f0f0000,0x000000001f1f0000)]
  0x000000001bb54000 JavaThread "File lock request listener" [_thread_in_native, id=21676, stack(0x000000001eff0000,0x000000001f0f0000)]
  0x000000001c6fb800 JavaThread "Cache worker for journal cache (C:\Users\Unique\.gradle\caches\journal-1)" [_thread_blocked, id=21672, stack(0x000000001eef0000,0x000000001eff0000)]
  0x000000001ce6a000 JavaThread "Daemon periodic checks" [_thread_blocked, id=21548, stack(0x000000001e1f0000,0x000000001e2f0000)]
  0x000000001ce68000 JavaThread "Incoming local TCP Connector on port 50273" [_thread_in_native, id=21544, stack(0x000000001e040000,0x000000001e140000)]
  0x000000001a723800 JavaThread "Daemon health stats" [_thread_blocked, id=6376, stack(0x000000001dd40000,0x000000001de40000)]
  0x000000001a6c8800 JavaThread "Service Thread" daemon [_thread_blocked, id=17596, stack(0x000000001b1a0000,0x000000001b2a0000)]
  0x000000001a68a800 JavaThread "C1 CompilerThread3" daemon [_thread_blocked, id=5512, stack(0x000000001b0a0000,0x000000001b1a0000)]
  0x000000001a67e800 JavaThread "C2 CompilerThread2" daemon [_thread_in_vm, id=18756, stack(0x000000001afa0000,0x000000001b0a0000)]
  0x000000001a677800 JavaThread "C2 CompilerThread1" daemon [_thread_blocked, id=6360, stack(0x000000001aea0000,0x000000001afa0000)]
=>0x000000001a62c000 JavaThread "C2 CompilerThread0" daemon [_thread_in_native, id=21140, stack(0x000000001ada0000,0x000000001aea0000)]
  0x000000001a62a000 JavaThread "Attach Listener" daemon [_thread_blocked, id=20996, stack(0x000000001aca0000,0x000000001ada0000)]
  0x000000001a629800 JavaThread "Signal Dispatcher" daemon [_thread_blocked, id=18208, stack(0x000000001aba0000,0x000000001aca0000)]
  0x000000001a5c1800 JavaThread "Finalizer" daemon [_thread_blocked, id=21072, stack(0x000000001aaa0000,0x000000001aba0000)]
  0x000000001a5c0800 JavaThread "Reference Handler" daemon [_thread_blocked, id=6720, stack(0x000000001a9a0000,0x000000001aaa0000)]
  0x000000000192e000 JavaThread "main" [_thread_blocked, id=21116, stack(0x0000000003140000,0x0000000003240000)]

Other Threads:
  0x00000000187d8800 VMThread [stack: 0x000000001a4a0000,0x000000001a5a0000] [id=8532]
  0x000000001a6ca000 WatcherThread [stack: 0x000000001b2a0000,0x000000001b3a0000] [id=21456]

VM state:not at safepoint (normal execution)

VM Mutex/Monitor currently owned by a thread:  ([mutex/lock_event])
[0x0000000003671150] Compile_lock - owner thread: 0x0000000000000000

heap address: 0x0000000080000000, size: 2048 MB, Compressed Oops mode: 32-bit
Narrow klass base: 0x0000000000000000, Narrow klass shift: 3
Compressed class space size: 1073741824 Address: 0x0000000100000000

Heap:
 PSYoungGen      total 494080K, used 446333K [0x00000000d5580000, 0x00000000f8080000, 0x0000000100000000)
  eden space 444416K, 97% used [0x00000000d5580000,0x00000000efc1f658,0x00000000f0780000)
  from space 49664K, 27% used [0x00000000f5000000,0x00000000f5d65168,0x00000000f8080000)
  to   space 61952K, 0% used [0x00000000f0780000,0x00000000f0780000,0x00000000f4400000)
 ParOldGen       total 169472K, used 124518K [0x0000000080000000, 0x000000008a580000, 0x00000000d5580000)
  object space 169472K, 73% used [0x0000000080000000,0x00000000879998a8,0x000000008a580000)
 Metaspace       used 91548K, capacity 97580K, committed 97880K, reserved 1134592K
  class space    used 12065K, capacity 13102K, committed 13184K, reserved 1048576K

Card table byte_map: [0x0000000012b30000,0x0000000012f40000] byte_map_base: 0x0000000012730000

Marking Bits: (ParMarkBitMap*) 0x000000005fbff030
 Begin Bits: [0x00000000139f0000, 0x00000000159f0000)
 End Bits:   [0x00000000159f0000, 0x00000000179f0000)

Polling page: 0x00000000018c0000

CodeCache: size=245760Kb used=52449Kb max_used=52461Kb free=193310Kb
 bounds [0x0000000003770000, 0x0000000006b00000, 0x0000000012770000]
 total_blobs=16399 nmethods=15541 adapters=768
 compilation: enabled

Compilation events (10 events):
Event: 2256.154 Thread 0x000000001a68a800 nmethod 19583 0x0000000006ad85d0 code [0x0000000006ad8780, 0x0000000006ad8c28]
Event: 2256.154 Thread 0x000000001a68a800 19584       1       com.android.builder.core.AbstractProductFlavor::getTestInstrumentationRunnerArguments (5 bytes)
Event: 2256.154 Thread 0x000000001a68a800 nmethod 19584 0x0000000006ad8310 code [0x0000000006ad8460, 0x0000000006ad8570]
Event: 2256.156 Thread 0x000000001a68a800 19585       1       com.android.build.api.component.impl.ComponentPropertiesImpl::getInternalServices (5 bytes)
Event: 2256.156 Thread 0x000000001a68a800 nmethod 19585 0x0000000006ad8050 code [0x0000000006ad81a0, 0x0000000006ad82b0]
Event: 2256.164 Thread 0x000000001a67e800 19586       4       com.google.common.collect.ImmutableSet$Builder::add (51 bytes)
Event: 2256.169 Thread 0x000000001a68a800 19587       3       org.gradle.api.internal.provider.AbstractCollectionProperty::getType (11 bytes)
Event: 2256.169 Thread 0x000000001a68a800 nmethod 19587 0x0000000006ad7c90 code [0x0000000006ad7de0, 0x0000000006ad7f90]
Event: 2256.169 Thread 0x000000001a68a800 19588       1       org.gradle.api.internal.provider.AbstractCollectionProperty::getElementType (5 bytes)
Event: 2256.169 Thread 0x000000001a68a800 nmethod 19588 0x0000000006ad79d0 code [0x0000000006ad7b20, 0x0000000006ad7c30]

GC Heap History (10 events):
Event: 442.234 GC heap before
{Heap before GC invocations=20 (full 4):
 PSYoungGen      total 381952K, used 12217K [0x00000000d5580000, 0x00000000ef380000, 0x0000000100000000)
  eden space 360448K, 0% used [0x00000000d5580000,0x00000000d5580000,0x00000000eb580000)
  from space 21504K, 56% used [0x00000000ede80000,0x00000000eea6e5f8,0x00000000ef380000)
  to   space 31744K, 0% used [0x00000000eb580000,0x00000000eb580000,0x00000000ed480000)
 ParOldGen       total 100864K, used 81941K [0x0000000080000000, 0x0000000086280000, 0x00000000d5580000)
  object space 100864K, 81% used [0x0000000080000000,0x0000000085005620,0x0000000086280000)
 Metaspace       used 88001K, capacity 92884K, committed 93272K, reserved 1130496K
  class space    used 11880K, capacity 12818K, committed 12928K, reserved 1048576K
Event: 443.913 GC heap after
Heap after GC invocations=20 (full 4):
 PSYoungGen      total 381952K, used 0K [0x00000000d5580000, 0x00000000ef380000, 0x0000000100000000)
  eden space 360448K, 0% used [0x00000000d5580000,0x00000000d5580000,0x00000000eb580000)
  from space 21504K, 0% used [0x00000000ede80000,0x00000000ede80000,0x00000000ef380000)
  to   space 31744K, 0% used [0x00000000eb580000,0x00000000eb580000,0x00000000ed480000)
 ParOldGen       total 169472K, used 66531K [0x0000000080000000, 0x000000008a580000, 0x00000000d5580000)
  object space 169472K, 39% used [0x0000000080000000,0x00000000840f8f68,0x000000008a580000)
 Metaspace       used 87733K, capacity 92130K, committed 93272K, reserved 1130496K
  class space    used 11792K, capacity 12663K, committed 12928K, reserved 1048576K
}
Event: 522.076 GC heap before
{Heap before GC invocations=21 (full 4):
 PSYoungGen      total 381952K, used 360448K [0x00000000d5580000, 0x00000000ef380000, 0x0000000100000000)
  eden space 360448K, 100% used [0x00000000d5580000,0x00000000eb580000,0x00000000eb580000)
  from space 21504K, 0% used [0x00000000ede80000,0x00000000ede80000,0x00000000ef380000)
  to   space 31744K, 0% used [0x00000000eb580000,0x00000000eb580000,0x00000000ed480000)
 ParOldGen       total 169472K, used 66531K [0x0000000080000000, 0x000000008a580000, 0x00000000d5580000)
  object space 169472K, 39% used [0x0000000080000000,0x00000000840f8f68,0x000000008a580000)
 Metaspace       used 88778K, capacity 93252K, committed 94040K, reserved 1130496K
  class space    used 11846K, capacity 12706K, committed 12928K, reserved 1048576K
Event: 522.393 GC heap after
Heap after GC invocations=21 (full 4):
 PSYoungGen      total 392192K, used 31739K [0x00000000d5580000, 0x00000000f5180000, 0x0000000100000000)
  eden space 360448K, 0% used [0x00000000d5580000,0x00000000d5580000,0x00000000eb580000)
  from space 31744K, 99% used [0x00000000eb580000,0x00000000ed47efd8,0x00000000ed480000)
  to   space 49664K, 0% used [0x00000000f2100000,0x00000000f2100000,0x00000000f5180000)
 ParOldGen       total 169472K, used 101233K [0x0000000080000000, 0x000000008a580000, 0x00000000d5580000)
  object space 169472K, 59% used [0x0000000080000000,0x00000000862dc730,0x000000008a580000)
 Metaspace       used 88778K, capacity 93252K, committed 94040K, reserved 1130496K
  class space    used 11846K, capacity 12706K, committed 12928K, reserved 1048576K
}
Event: 593.489 GC heap before
{Heap before GC invocations=22 (full 4):
 PSYoungGen      total 392192K, used 392187K [0x00000000d5580000, 0x00000000f5180000, 0x0000000100000000)
  eden space 360448K, 100% used [0x00000000d5580000,0x00000000eb580000,0x00000000eb580000)
  from space 31744K, 99% used [0x00000000eb580000,0x00000000ed47efd8,0x00000000ed480000)
  to   space 49664K, 0% used [0x00000000f2100000,0x00000000f2100000,0x00000000f5180000)
 ParOldGen       total 169472K, used 101233K [0x0000000080000000, 0x000000008a580000, 0x00000000d5580000)
  object space 169472K, 59% used [0x0000000080000000,0x00000000862dc730,0x000000008a580000)
 Metaspace       used 89506K, capacity 94232K, committed 94552K, reserved 1130496K
  class space    used 11876K, capacity 12760K, committed 12928K, reserved 1048576K
Event: 593.800 GC heap after
Heap after GC invocations=22 (full 4):
 PSYoungGen      total 454144K, used 49632K [0x00000000d5580000, 0x00000000f6a00000, 0x0000000100000000)
  eden space 404480K, 0% used [0x00000000d5580000,0x00000000d5580000,0x00000000ee080000)
  from space 49664K, 99% used [0x00000000f2100000,0x00000000f5178210,0x00000000f5180000)
  to   space 66048K, 0% used [0x00000000ee080000,0x00000000ee080000,0x00000000f2100000)
 ParOldGen       total 169472K, used 122544K [0x0000000080000000, 0x000000008a580000, 0x00000000d5580000)
  object space 169472K, 72% used [0x0000000080000000,0x00000000877ac3f8,0x000000008a580000)
 Metaspace       used 89506K, capacity 94232K, committed 94552K, reserved 1130496K
  class space    used 11876K, capacity 12760K, committed 12928K, reserved 1048576K
}
Event: 959.032 GC heap before
{Heap before GC invocations=23 (full 4):
 PSYoungGen      total 454144K, used 454112K [0x00000000d5580000, 0x00000000f6a00000, 0x0000000100000000)
  eden space 404480K, 100% used [0x00000000d5580000,0x00000000ee080000,0x00000000ee080000)
  from space 49664K, 99% used [0x00000000f2100000,0x00000000f5178210,0x00000000f5180000)
  to   space 66048K, 0% used [0x00000000ee080000,0x00000000ee080000,0x00000000f2100000)
 ParOldGen       total 169472K, used 122544K [0x0000000080000000, 0x000000008a580000, 0x00000000d5580000)
  object space 169472K, 72% used [0x0000000080000000,0x00000000877ac3f8,0x000000008a580000)
 Metaspace       used 90209K, capacity 95222K, committed 95320K, reserved 1132544K
  class space    used 11923K, capacity 12847K, committed 12928K, reserved 1048576K
Event: 959.123 GC heap after
Heap after GC invocations=23 (full 4):
 PSYoungGen      total 470528K, used 6376K [0x00000000d5580000, 0x00000000f8f80000, 0x0000000100000000)
  eden space 404480K, 0% used [0x00000000d5580000,0x00000000d5580000,0x00000000ee080000)
  from space 66048K, 9% used [0x00000000ee080000,0x00000000ee6ba2b0,0x00000000f2100000)
  to   space 65024K, 0% used [0x00000000f5000000,0x00000000f5000000,0x00000000f8f80000)
 ParOldGen       total 169472K, used 124510K [0x0000000080000000, 0x000000008a580000, 0x00000000d5580000)
  object space 169472K, 73% used [0x0000000080000000,0x00000000879978a8,0x000000008a580000)
 Metaspace       used 90209K, capacity 95222K, committed 95320K, reserved 1132544K
  class space    used 11923K, capacity 12847K, committed 12928K, reserved 1048576K
}
Event: 2033.929 GC heap before
{Heap before GC invocations=24 (full 4):
 PSYoungGen      total 470528K, used 410856K [0x00000000d5580000, 0x00000000f8f80000, 0x0000000100000000)
  eden space 404480K, 100% used [0x00000000d5580000,0x00000000ee080000,0x00000000ee080000)
  from space 66048K, 9% used [0x00000000ee080000,0x00000000ee6ba2b0,0x00000000f2100000)
  to   space 65024K, 0% used [0x00000000f5000000,0x00000000f5000000,0x00000000f8f80000)
 ParOldGen       total 169472K, used 124510K [0x0000000080000000, 0x000000008a580000, 0x00000000d5580000)
  object space 169472K, 73% used [0x0000000080000000,0x00000000879978a8,0x000000008a580000)
 Metaspace       used 90695K, capacity 95798K, committed 96088K, reserved 1132544K
  class space    used 11933K, capacity 12865K, committed 12928K, reserved 1048576K
Event: 2034.262 GC heap after
Heap after GC invocations=24 (full 4):
 PSYoungGen      total 494080K, used 13716K [0x00000000d5580000, 0x00000000f8080000, 0x0000000100000000)
  eden space 444416K, 0% used [0x00000000d5580000,0x00000000d5580000,0x00000000f0780000)
  from space 49664K, 27% used [0x00000000f5000000,0x00000000f5d65168,0x00000000f8080000)
  to   space 61952K, 0% used [0x00000000f0780000,0x00000000f0780000,0x00000000f4400000)
 ParOldGen       total 169472K, used 124518K [0x0000000080000000, 0x000000008a580000, 0x00000000d5580000)
  object space 169472K, 73% used [0x0000000080000000,0x00000000879998a8,0x000000008a580000)
 Metaspace       used 90695K, capacity 95798K, committed 96088K, reserved 1132544K
  class space    used 11933K, capacity 12865K, committed 12928K, reserved 1048576K
}

Deoptimization events (10 events):
Event: 1765.569 Thread 0x000000001ce6a000 Uncommon trap: reason=class_check action=maybe_recompile pc=0x0000000003d3f98c method=com.google.common.collect.TransformedIterator.<init>(Ljava/util/Iterator;)V @ 9
Event: 2034.273 Thread 0x000000001f7e0800 Uncommon trap: reason=unstable_if action=reinterpret pc=0x0000000005991a4c method=java.util.concurrent.ConcurrentHashMap.addCount(JI)V @ 168
Event: 2035.946 Thread 0x000000002207f800 Uncommon trap: reason=bimorphic action=maybe_recompile pc=0x000000000501f490 method=java.util.concurrent.ConcurrentHashMap.computeIfAbsent(Ljava/lang/Object;Ljava/util/function/Function;)Ljava/lang/Object; @ 278
Event: 2036.238 Thread 0x000000002207f800 Uncommon trap: reason=array_check action=maybe_recompile pc=0x000000000687af90 method=java.util.ComparableTimSort.mergeHi(IIII)V @ 521
Event: 2036.238 Thread 0x000000002207f800 Uncommon trap: reason=array_check action=maybe_recompile pc=0x000000000687af90 method=java.util.ComparableTimSort.mergeHi(IIII)V @ 521
Event: 2036.240 Thread 0x000000002207f800 Uncommon trap: reason=array_check action=maybe_recompile pc=0x000000000667a148 method=java.util.ComparableTimSort.mergeHi(IIII)V @ 521
Event: 2036.288 Thread 0x000000002207f800 Uncommon trap: reason=array_check action=maybe_recompile pc=0x000000000695287c method=java.util.ComparableTimSort.mergeHi(IIII)V @ 654
Event: 2036.306 Thread 0x000000002207f800 Uncommon trap: reason=array_check action=maybe_recompile pc=0x000000000695287c method=java.util.ComparableTimSort.mergeHi(IIII)V @ 654
Event: 2036.307 Thread 0x000000002207f800 Uncommon trap: reason=array_check action=maybe_recompile pc=0x000000000694c340 method=java.util.ComparableTimSort.mergeLo(IIII)V @ 587
Event: 2037.253 Thread 0x000000002208a000 Uncommon trap: reason=unstable_if action=reinterpret pc=0x0000000005d80554 method=com.android.tools.r8.s.b.q1.W()Z @ 71

Classes redefined (0 events):
No events

Internal exceptions (10 events):
Event: 2035.884 Thread 0x000000002207f800 Exception <a 'sun/nio/fs/WindowsException'> (0x00000000daa045f8) thrown at [C:\src\AOSP-openjdk-git\hotspot\src\share\vm\prims\jni.cpp, line 710]
Event: 2035.884 Thread 0x000000002207f800 Exception <a 'sun/nio/fs/WindowsException'> (0x00000000daa052f8) thrown at [C:\src\AOSP-openjdk-git\hotspot\src\share\vm\prims\jni.cpp, line 710]
Event: 2036.698 Thread 0x000000002207f800 Exception <a 'sun/nio/fs/WindowsException'> (0x00000000dc836240) thrown at [C:\src\AOSP-openjdk-git\hotspot\src\share\vm\prims\jni.cpp, line 710]
Event: 2036.698 Thread 0x000000002207f800 Exception <a 'sun/nio/fs/WindowsException'> (0x00000000dc836f18) thrown at [C:\src\AOSP-openjdk-git\hotspot\src\share\vm\prims\jni.cpp, line 710]
Event: 2037.129 Thread 0x000000002208a000 Exception <a 'sun/nio/fs/WindowsException'> (0x00000000de1a8a88) thrown at [C:\src\AOSP-openjdk-git\hotspot\src\share\vm\prims\jni.cpp, line 710]
Event: 2037.528 Thread 0x000000002208a000 Exception <a 'sun/nio/fs/WindowsException'> (0x00000000dee43bb8) thrown at [C:\src\AOSP-openjdk-git\hotspot\src\share\vm\prims\jni.cpp, line 710]
Event: 2037.536 Thread 0x000000002208a000 Exception <a 'sun/nio/fs/WindowsException'> (0x00000000dee4ad68) thrown at [C:\src\AOSP-openjdk-git\hotspot\src\share\vm\prims\jni.cpp, line 710]
Event: 2038.103 Thread 0x0000000022086800 Exception <a 'sun/nio/fs/WindowsException'> (0x00000000e0f0a980) thrown at [C:\src\AOSP-openjdk-git\hotspot\src\share\vm\prims\jni.cpp, line 710]
Event: 2040.519 Thread 0x0000000020b81000 Exception <a 'sun/nio/fs/WindowsException'> (0x00000000eca158b8) thrown at [C:\src\AOSP-openjdk-git\hotspot\src\share\vm\prims\jni.cpp, line 710]
Event: 2040.538 Thread 0x0000000020b79800 Exception <a 'java/lang/InterruptedException'> (0x00000000e6293008) thrown at [C:\src\AOSP-openjdk-git\hotspot\src\share\vm\runtime\objectMonitor.cpp, line 1491]

Events (10 events):
Event: 2256.049 Thread 0x000000001da47800 Thread added: 0x000000001da47800
Event: 2256.050 Thread 0x000000001da44800 Thread added: 0x000000001da44800
Event: 2256.050 Thread 0x000000001da50000 Thread added: 0x000000001da50000
Event: 2256.050 Thread 0x000000001da50800 Thread added: 0x000000001da50800
Event: 2256.050 Thread 0x000000001da51800 Thread added: 0x000000001da51800
Event: 2256.051 Thread 0x000000001da52000 Thread added: 0x000000001da52000
Event: 2256.051 Thread 0x000000001da4c000 Thread added: 0x000000001da4c000
Event: 2256.070 Executing VM operation: BulkRevokeBias
Event: 2256.071 Executing VM operation: BulkRevokeBias done
Event: 2256.082 Thread 0x000000001da4d000 Thread added: 0x000000001da4d000


Dynamic libraries:
0x00007ff7cfd10000 - 0x00007ff7cfd41000 	D:\Android\jre\bin\java.exe
0x00007ffb4e6b0000 - 0x00007ffb4e8a5000 	C:\WINDOWS\SYSTEM32\ntdll.dll
0x00007ffb4d7b0000 - 0x00007ffb4d86d000 	C:\WINDOWS\System32\KERNEL32.DLL
0x00007ffb4bf40000 - 0x00007ffb4c208000 	C:\WINDOWS\System32\KERNELBASE.dll
0x00007ffb4dcd0000 - 0x00007ffb4dd7c000 	C:\WINDOWS\System32\ADVAPI32.dll
0x00007ffb4da00000 - 0x00007ffb4da9e000 	C:\WINDOWS\System32\msvcrt.dll
0x00007ffb4d700000 - 0x00007ffb4d79b000 	C:\WINDOWS\System32\sechost.dll
0x00007ffb4d530000 - 0x00007ffb4d65b000 	C:\WINDOWS\System32\RPCRT4.dll
0x00007ffb4d250000 - 0x00007ffb4d3f0000 	C:\WINDOWS\System32\USER32.dll
0x00007ffb4c650000 - 0x00007ffb4c672000 	C:\WINDOWS\System32\win32u.dll
0x00007ffb4c990000 - 0x00007ffb4c9ba000 	C:\WINDOWS\System32\GDI32.dll
0x00007ffb4c3e0000 - 0x00007ffb4c4eb000 	C:\WINDOWS\System32\gdi32full.dll
0x00007ffb4c2c0000 - 0x00007ffb4c35d000 	C:\WINDOWS\System32\msvcp_win.dll
0x00007ffb4be40000 - 0x00007ffb4bf40000 	C:\WINDOWS\System32\ucrtbase.dll
0x00007ffb38570000 - 0x00007ffb3880a000 	C:\WINDOWS\WinSxS\amd64_microsoft.windows.common-controls_6595b64144ccf1df_6.0.19041.844_none_ca00b6081b84eb1d\COMCTL32.dll
0x00007ffb4dc40000 - 0x00007ffb4dc70000 	C:\WINDOWS\System32\IMM32.DLL
0x000000005e9c0000 - 0x000000005ea92000 	D:\Android\jre\jre\bin\msvcr100.dll
0x000000005f430000 - 0x000000005fc7b000 	D:\Android\jre\jre\bin\server\jvm.dll
0x00007ffb4d3f0000 - 0x00007ffb4d3f8000 	C:\WINDOWS\System32\PSAPI.DLL
0x00007ffb3a160000 - 0x00007ffb3a187000 	C:\WINDOWS\SYSTEM32\WINMM.dll
0x00007ffb41e80000 - 0x00007ffb41e8a000 	C:\WINDOWS\SYSTEM32\VERSION.dll
0x00007ffb2ec40000 - 0x00007ffb2ec49000 	C:\WINDOWS\SYSTEM32\WSOCK32.dll
0x00007ffb4e600000 - 0x00007ffb4e66b000 	C:\WINDOWS\System32\WS2_32.dll
0x00007ffb449c0000 - 0x00007ffb449cf000 	D:\Android\jre\jre\bin\verify.dll
0x00007ffb42ec0000 - 0x00007ffb42ee9000 	D:\Android\jre\jre\bin\java.dll
0x00007ffb42ea0000 - 0x00007ffb42eb6000 	D:\Android\jre\jre\bin\zip.dll
0x00007ffb4cb00000 - 0x00007ffb4d242000 	C:\WINDOWS\System32\SHELL32.dll
0x00007ffb49f30000 - 0x00007ffb4a6c1000 	C:\WINDOWS\SYSTEM32\windows.storage.dll
0x00007ffb4e1f0000 - 0x00007ffb4e545000 	C:\WINDOWS\System32\combase.dll
0x00007ffb4b860000 - 0x00007ffb4b88c000 	C:\WINDOWS\SYSTEM32\Wldp.dll
0x00007ffb4d950000 - 0x00007ffb4d9fe000 	C:\WINDOWS\System32\SHCORE.dll
0x00007ffb4ca40000 - 0x00007ffb4ca95000 	C:\WINDOWS\System32\shlwapi.dll
0x00007ffb4bd30000 - 0x00007ffb4bd4f000 	C:\WINDOWS\SYSTEM32\profapi.dll
0x00007ffb42e80000 - 0x00007ffb42e9a000 	D:\Android\jre\jre\bin\net.dll
0x00007ffb4b5d0000 - 0x00007ffb4b63a000 	C:\WINDOWS\system32\mswsock.dll
0x00007ffb37cb0000 - 0x00007ffb37cc3000 	D:\Android\jre\jre\bin\nio.dll
0x00007ffb2c090000 - 0x00007ffb2c0b7000 	C:\Users\Unique\.gradle\native\f6784746aeab05261644944871eae4fe03e0ef1612fff0a4a95f87b438bc6780\windows-amd64\native-platform.dll
0x00007ffb3cfb0000 - 0x00007ffb3cfbd000 	D:\Android\jre\jre\bin\management.dll
0x00007ffb4b7b0000 - 0x00007ffb4b7c8000 	C:\WINDOWS\SYSTEM32\CRYPTSP.dll
0x00007ffb4af00000 - 0x00007ffb4af34000 	C:\WINDOWS\system32\rsaenh.dll
0x00007ffb4c680000 - 0x00007ffb4c6a7000 	C:\WINDOWS\System32\bcrypt.dll
0x00007ffb4bcf0000 - 0x00007ffb4bd1e000 	C:\WINDOWS\SYSTEM32\USERENV.dll
0x00007ffb4c360000 - 0x00007ffb4c3e0000 	C:\WINDOWS\System32\bcryptprimitives.dll
0x00007ffb4b7a0000 - 0x00007ffb4b7ac000 	C:\WINDOWS\SYSTEM32\CRYPTBASE.dll
0x00007ffb4b270000 - 0x00007ffb4b2ab000 	C:\WINDOWS\SYSTEM32\IPHLPAPI.DLL
0x00007ffb4d6f0000 - 0x00007ffb4d6f8000 	C:\WINDOWS\System32\NSI.dll
0x00007ffb3dfb0000 - 0x00007ffb3dfc7000 	C:\WINDOWS\SYSTEM32\dhcpcsvc6.DLL
0x00007ffb401c0000 - 0x00007ffb401dd000 	C:\WINDOWS\SYSTEM32\dhcpcsvc.DLL
0x00007ffb4b2c0000 - 0x00007ffb4b38c000 	C:\WINDOWS\SYSTEM32\DNSAPI.dll
0x00007ffb41eb0000 - 0x00007ffb41ebb000 	C:\WINDOWS\SYSTEM32\WINNSI.DLL

VM Arguments:
jvm_args: -Xmx2048m -Dfile.encoding=UTF-8 -Duser.country=CN -Duser.language=zh -Duser.variant 
java_command: org.gradle.launcher.daemon.bootstrap.GradleDaemon 6.5
java_class_path (initial): C:\Users\Unique\.gradle\wrapper\dists\gradle-6.5-bin\6nifqtx7604sqp1q6g8wikw7p\gradle-6.5\lib\gradle-launcher-6.5.jar
Launcher Type: SUN_STANDARD

Environment Variables:
JAVA_HOME=C:\Program Files\Java\jdk1.8.0_221
CLASSPATH=.;C:\Program Files\Java\jdk1.8.0_221\lib\dt.jar;C:\Program Files\Java\jdk1.8.0_221\lib\tools.jar
PATH=C:\Program Files (x86)\Common Files\Oracle\Java\javapath;C:\Windows\system32;C:\Windows;C:\Windows\System32\Wbem;C:\Windows\System32\WindowsPowerShell\v1.0\;C:\Windows\System32\OpenSSH\;C:\Program Files\Intel\WiFi\bin\;C:\Program Files\Common Files\Intel\WirelessCommon\;C:\Program Files (x86)\NVIDIA Corporation\PhysX\Common;C:\Program Files\NVIDIA Corporation\NVIDIA NvDLISR;C:\Program Files\Java\jdk1.8.0_221\bin;C:\Program Files\Java\jdk1.8.0_221\jre\bin;D:\apache-tomcat-9.0.2-windows-x64\apache-tomcat-9.0.2\bin;D:\apache-tomcat-9.0.2-windows-x64\apache-tomcat-9.0.2\lib;C:\WINDOWS\system32;C:\WINDOWS;C:\WINDOWS\System32\Wbem;C:\WINDOWS\System32\WindowsPowerShell\v1.0\;C:\WINDOWS\System32\OpenSSH\;C:\Program Files (x86)\Microsoft SQL Server\130\Tools\Binn\;C:\Program Files\Microsoft SQL Server\130\Tools\Binn\;C:\Program Files (x86)\Microsoft SQL Server\130\DTS\Binn\;C:\Program Files\Microsoft SQL Server\130\DTS\Binn\;C:\Program Files\Microsoft SQL Server\Client SDK\ODBC\130\Tools\Binn\;C:\Program Files (x86)\Microsoft SQL Server\Client SDK\ODBC\130\Tools\Binn\;C:\Program Files (x86)\Microsoft SQL Server\140\Tools\Binn\;C:\Program Files (x86)\Microsoft SQL Server\140\DTS\Binn\;C:\Program Files (x86)\Microsoft SQL Server\140\Tools\Binn\ManagementStudio\;D:\Git\Git\cmd;D:\SPSS\JRE\bin;C:\Users\Unique\AppData\Local\Microsoft\WindowsApps;
USERNAME=Unique
OS=Windows_NT
PROCESSOR_IDENTIFIER=Intel64 Family 6 Model 142 Stepping 12, GenuineIntel



---------------  S Y S T E M  ---------------

OS: Windows 10.0 , 64 bit Build 19041 (10.0.19041.928)

CPU:total 8 (initial active 8) (4 cores per cpu, 2 threads per core) family 6 model 142 stepping 12, cmov, cx8, fxsr, mmx, sse, sse2, sse3, ssse3, sse4.1, sse4.2, popcnt, avx, avx2, aes, clmul, erms, 3dnowpref, lzcnt, ht, tsc, tscinvbit, bmi1, bmi2, adx

Memory: 4k page, physical 8230644k(537884k free), swap 18716400k(5216k free)

vm_info: OpenJDK 64-Bit Server VM (25.242-b01) for windows-amd64 JRE (1.8.0_242-release-1644-b01), built by "builder" with MS VC++ 10.0 (VS2010)

time: Tue May 11 12:32:22 2021
timezone: 中国标准时间
elapsed time: 2256 seconds (0d 0h 37m 36s)

